Reading file cbs_instance.in
Computing the single agent shortest path for all agents...
Solving Problem instance:0 Grid Name:Random Grid #Agents:11, GridCells:171, #Obstacles:85
----------------- Solver: Basic-CBS/(A*/SIC) choosing cardinal conflicts using lookahead-----------------
----------------- Instance: Problem instance:0 Grid Name:Random Grid #Agents:11, GridCells:171, #Obstacles:85-----------------
0
1
2
3
4
5
6
7
8
9
10
Out of time
Out of time
Out of time
Out of time
Out of time
Out of time
Out of time
Out of time
Out of time
Out of time
Out of time
Out of time
Out of time
Out of time
Out of time
Failed to solve
Solution depth lower bound: 19

Time In milliseconds: 189061,3013
Found abnormal solution with negative cost
Failed to solve this instance
*********************THE END**************************
